{"C:\\Users\\Inspirion\\Documents\\_Dev\\reactprojects\\fullstackopen-notes\\src\\App.js": {"path":"C:\\Users\\Inspirion\\Documents\\_Dev\\reactprojects\\fullstackopen-notes\\src\\App.js","statementMap":{"0":{"start":{"line":12,"column":12},"end":{"line":173,"column":1}},"1":{"start":{"line":15,"column":28},"end":{"line":15,"column":40}},"2":{"start":{"line":16,"column":32},"end":{"line":16,"column":46}},"3":{"start":{"line":19,"column":42},"end":{"line":19,"column":56}},"4":{"start":{"line":20,"column":46},"end":{"line":20,"column":60}},"5":{"start":{"line":23,"column":34},"end":{"line":23,"column":46}},"6":{"start":{"line":24,"column":34},"end":{"line":24,"column":46}},"7":{"start":{"line":25,"column":26},"end":{"line":25,"column":40}},"8":{"start":{"line":28,"column":22},"end":{"line":28,"column":39}},"9":{"start":{"line":32,"column":2},"end":{"line":38,"column":8}},"10":{"start":{"line":33,"column":4},"end":{"line":37,"column":8}},"11":{"start":{"line":36,"column":8},"end":{"line":36,"column":30}},"12":{"start":{"line":42,"column":2},"end":{"line":49,"column":8}},"13":{"start":{"line":43,"column":27},"end":{"line":43,"column":75}},"14":{"start":{"line":44,"column":4},"end":{"line":48,"column":5}},"15":{"start":{"line":45,"column":19},"end":{"line":45,"column":45}},"16":{"start":{"line":46,"column":6},"end":{"line":46,"column":19}},"17":{"start":{"line":47,"column":6},"end":{"line":47,"column":38}},"18":{"start":{"line":53,"column":18},"end":{"line":61,"column":3}},"19":{"start":{"line":55,"column":4},"end":{"line":55,"column":42}},"20":{"start":{"line":56,"column":4},"end":{"line":60,"column":8}},"21":{"start":{"line":59,"column":8},"end":{"line":59,"column":44}},"22":{"start":{"line":65,"column":29},"end":{"line":89,"column":3}},"23":{"start":{"line":66,"column":17},"end":{"line":66,"column":45}},"24":{"start":{"line":66,"column":33},"end":{"line":66,"column":44}},"25":{"start":{"line":67,"column":24},"end":{"line":67,"column":63}},"26":{"start":{"line":69,"column":4},"end":{"line":88,"column":8}},"27":{"start":{"line":72,"column":8},"end":{"line":72,"column":73}},"28":{"start":{"line":72,"column":35},"end":{"line":72,"column":71}},"29":{"start":{"line":73,"column":8},"end":{"line":75,"column":9}},"30":{"start":{"line":76,"column":8},"end":{"line":78,"column":16}},"31":{"start":{"line":77,"column":10},"end":{"line":77,"column":33}},"32":{"start":{"line":81,"column":8},"end":{"line":83,"column":9}},"33":{"start":{"line":84,"column":8},"end":{"line":86,"column":16}},"34":{"start":{"line":85,"column":10},"end":{"line":85,"column":31}},"35":{"start":{"line":87,"column":8},"end":{"line":87,"column":48}},"36":{"start":{"line":87,"column":35},"end":{"line":87,"column":46}},"37":{"start":{"line":93,"column":22},"end":{"line":114,"column":3}},"38":{"start":{"line":94,"column":4},"end":{"line":94,"column":26}},"39":{"start":{"line":95,"column":4},"end":{"line":113,"column":5}},"40":{"start":{"line":96,"column":19},"end":{"line":98,"column":8}},"41":{"start":{"line":100,"column":6},"end":{"line":102,"column":7}},"42":{"start":{"line":104,"column":6},"end":{"line":104,"column":38}},"43":{"start":{"line":105,"column":6},"end":{"line":105,"column":19}},"44":{"start":{"line":106,"column":6},"end":{"line":106,"column":21}},"45":{"start":{"line":107,"column":6},"end":{"line":107,"column":21}},"46":{"start":{"line":109,"column":6},"end":{"line":109,"column":42}},"47":{"start":{"line":110,"column":6},"end":{"line":112,"column":14}},"48":{"start":{"line":111,"column":8},"end":{"line":111,"column":29}},"49":{"start":{"line":116,"column":20},"end":{"line":126,"column":3}},"50":{"start":{"line":117,"column":4},"end":{"line":125,"column":16}},"51":{"start":{"line":121,"column":46},"end":{"line":121,"column":71}},"52":{"start":{"line":122,"column":46},"end":{"line":122,"column":71}},"53":{"start":{"line":128,"column":19},"end":{"line":132,"column":3}},"54":{"start":{"line":129,"column":4},"end":{"line":131,"column":16}},"55":{"start":{"line":136,"column":22},"end":{"line":138,"column":49}},"56":{"start":{"line":138,"column":25},"end":{"line":138,"column":48}},"57":{"start":{"line":140,"column":2},"end":{"line":172,"column":3}},"58":{"start":{"line":155,"column":31},"end":{"line":155,"column":51}},"59":{"start":{"line":161,"column":10},"end":{"line":165,"column":12}},"60":{"start":{"line":164,"column":36},"end":{"line":164,"column":63}}},"fnMap":{"0":{"name":"(anonymous_0)","decl":{"start":{"line":12,"column":12},"end":{"line":12,"column":13}},"loc":{"start":{"line":12,"column":18},"end":{"line":173,"column":1}},"line":12},"1":{"name":"(anonymous_1)","decl":{"start":{"line":32,"column":12},"end":{"line":32,"column":13}},"loc":{"start":{"line":32,"column":18},"end":{"line":38,"column":3}},"line":32},"2":{"name":"(anonymous_2)","decl":{"start":{"line":35,"column":12},"end":{"line":35,"column":13}},"loc":{"start":{"line":35,"column":28},"end":{"line":37,"column":7}},"line":35},"3":{"name":"(anonymous_3)","decl":{"start":{"line":42,"column":12},"end":{"line":42,"column":13}},"loc":{"start":{"line":42,"column":18},"end":{"line":49,"column":3}},"line":42},"4":{"name":"(anonymous_4)","decl":{"start":{"line":53,"column":18},"end":{"line":53,"column":19}},"loc":{"start":{"line":53,"column":34},"end":{"line":61,"column":3}},"line":53},"5":{"name":"(anonymous_5)","decl":{"start":{"line":58,"column":12},"end":{"line":58,"column":13}},"loc":{"start":{"line":58,"column":28},"end":{"line":60,"column":7}},"line":58},"6":{"name":"(anonymous_6)","decl":{"start":{"line":65,"column":29},"end":{"line":65,"column":30}},"loc":{"start":{"line":65,"column":37},"end":{"line":89,"column":3}},"line":65},"7":{"name":"(anonymous_7)","decl":{"start":{"line":66,"column":28},"end":{"line":66,"column":29}},"loc":{"start":{"line":66,"column":33},"end":{"line":66,"column":44}},"line":66},"8":{"name":"(anonymous_8)","decl":{"start":{"line":71,"column":12},"end":{"line":71,"column":13}},"loc":{"start":{"line":71,"column":28},"end":{"line":79,"column":7}},"line":71},"9":{"name":"(anonymous_9)","decl":{"start":{"line":72,"column":27},"end":{"line":72,"column":28}},"loc":{"start":{"line":72,"column":35},"end":{"line":72,"column":71}},"line":72},"10":{"name":"(anonymous_10)","decl":{"start":{"line":76,"column":19},"end":{"line":76,"column":20}},"loc":{"start":{"line":76,"column":25},"end":{"line":78,"column":9}},"line":76},"11":{"name":"(anonymous_11)","decl":{"start":{"line":80,"column":13},"end":{"line":80,"column":14}},"loc":{"start":{"line":80,"column":22},"end":{"line":88,"column":7}},"line":80},"12":{"name":"(anonymous_12)","decl":{"start":{"line":84,"column":19},"end":{"line":84,"column":20}},"loc":{"start":{"line":84,"column":25},"end":{"line":86,"column":9}},"line":84},"13":{"name":"(anonymous_13)","decl":{"start":{"line":87,"column":30},"end":{"line":87,"column":31}},"loc":{"start":{"line":87,"column":35},"end":{"line":87,"column":46}},"line":87},"14":{"name":"(anonymous_14)","decl":{"start":{"line":93,"column":22},"end":{"line":93,"column":23}},"loc":{"start":{"line":93,"column":39},"end":{"line":114,"column":3}},"line":93},"15":{"name":"(anonymous_15)","decl":{"start":{"line":110,"column":17},"end":{"line":110,"column":18}},"loc":{"start":{"line":110,"column":23},"end":{"line":112,"column":7}},"line":110},"16":{"name":"(anonymous_16)","decl":{"start":{"line":116,"column":20},"end":{"line":116,"column":21}},"loc":{"start":{"line":117,"column":4},"end":{"line":125,"column":16}},"line":117},"17":{"name":"(anonymous_17)","decl":{"start":{"line":121,"column":30},"end":{"line":121,"column":31}},"loc":{"start":{"line":121,"column":46},"end":{"line":121,"column":71}},"line":121},"18":{"name":"(anonymous_18)","decl":{"start":{"line":122,"column":30},"end":{"line":122,"column":31}},"loc":{"start":{"line":122,"column":46},"end":{"line":122,"column":71}},"line":122},"19":{"name":"(anonymous_19)","decl":{"start":{"line":128,"column":19},"end":{"line":128,"column":20}},"loc":{"start":{"line":129,"column":4},"end":{"line":131,"column":16}},"line":129},"20":{"name":"(anonymous_20)","decl":{"start":{"line":138,"column":17},"end":{"line":138,"column":18}},"loc":{"start":{"line":138,"column":25},"end":{"line":138,"column":48}},"line":138},"21":{"name":"(anonymous_21)","decl":{"start":{"line":155,"column":25},"end":{"line":155,"column":26}},"loc":{"start":{"line":155,"column":31},"end":{"line":155,"column":51}},"line":155},"22":{"name":"(anonymous_22)","decl":{"start":{"line":160,"column":25},"end":{"line":160,"column":26}},"loc":{"start":{"line":161,"column":10},"end":{"line":165,"column":12}},"line":161},"23":{"name":"(anonymous_23)","decl":{"start":{"line":164,"column":30},"end":{"line":164,"column":31}},"loc":{"start":{"line":164,"column":36},"end":{"line":164,"column":63}},"line":164}},"branchMap":{"0":{"loc":{"start":{"line":44,"column":4},"end":{"line":48,"column":5}},"type":"if","locations":[{"start":{"line":44,"column":4},"end":{"line":48,"column":5}},{"start":{"line":44,"column":4},"end":{"line":48,"column":5}}],"line":44},"1":{"loc":{"start":{"line":72,"column":35},"end":{"line":72,"column":71}},"type":"cond-expr","locations":[{"start":{"line":72,"column":52},"end":{"line":72,"column":56}},{"start":{"line":72,"column":59},"end":{"line":72,"column":71}}],"line":72},"2":{"loc":{"start":{"line":136,"column":22},"end":{"line":138,"column":49}},"type":"cond-expr","locations":[{"start":{"line":137,"column":4},"end":{"line":137,"column":9}},{"start":{"line":138,"column":4},"end":{"line":138,"column":49}}],"line":136},"3":{"loc":{"start":{"line":146,"column":7},"end":{"line":151,"column":14}},"type":"cond-expr","locations":[{"start":{"line":147,"column":6},"end":{"line":147,"column":17}},{"start":{"line":148,"column":8},"end":{"line":151,"column":14}}],"line":146},"4":{"loc":{"start":{"line":156,"column":16},"end":{"line":156,"column":45}},"type":"cond-expr","locations":[{"start":{"line":156,"column":26},"end":{"line":156,"column":37}},{"start":{"line":156,"column":40},"end":{"line":156,"column":45}}],"line":156}},"s":{"0":0,"1":0,"2":0,"3":0,"4":0,"5":0,"6":0,"7":0,"8":0,"9":0,"10":0,"11":0,"12":0,"13":0,"14":0,"15":0,"16":0,"17":0,"18":0,"19":0,"20":0,"21":0,"22":0,"23":0,"24":0,"25":0,"26":0,"27":0,"28":0,"29":0,"30":0,"31":0,"32":0,"33":0,"34":0,"35":0,"36":0,"37":0,"38":0,"39":0,"40":0,"41":0,"42":0,"43":0,"44":0,"45":0,"46":0,"47":0,"48":0,"49":0,"50":0,"51":0,"52":0,"53":0,"54":0,"55":0,"56":0,"57":0,"58":0,"59":0,"60":0},"f":{"0":0,"1":0,"2":0,"3":0,"4":0,"5":0,"6":0,"7":0,"8":0,"9":0,"10":0,"11":0,"12":0,"13":0,"14":0,"15":0,"16":0,"17":0,"18":0,"19":0,"20":0,"21":0,"22":0,"23":0},"b":{"0":[0,0],"1":[0,0],"2":[0,0],"3":[0,0],"4":[0,0]},"hash":"cc58363625a4663c707ab2cb0f343e2552ec4bba"}
,"C:\\Users\\Inspirion\\Documents\\_Dev\\reactprojects\\fullstackopen-notes\\src\\index.js": {"path":"C:\\Users\\Inspirion\\Documents\\_Dev\\reactprojects\\fullstackopen-notes\\src\\index.js","statementMap":{"0":{"start":{"line":8,"column":0},"end":{"line":8,"column":57}},"1":{"start":{"line":13,"column":0},"end":{"line":13,"column":27}}},"fnMap":{},"branchMap":{},"s":{"0":0,"1":0},"f":{},"b":{},"hash":"8246b747a18f16b3825b2b44ff92cde407d3c76b"}
,"C:\\Users\\Inspirion\\Documents\\_Dev\\reactprojects\\fullstackopen-notes\\src\\components\\Footer.js": {"path":"C:\\Users\\Inspirion\\Documents\\_Dev\\reactprojects\\fullstackopen-notes\\src\\components\\Footer.js","statementMap":{"0":{"start":{"line":3,"column":15},"end":{"line":17,"column":5}},"1":{"start":{"line":5,"column":24},"end":{"line":9,"column":7}},"2":{"start":{"line":11,"column":6},"end":{"line":16,"column":7}}},"fnMap":{"0":{"name":"(anonymous_0)","decl":{"start":{"line":3,"column":15},"end":{"line":3,"column":16}},"loc":{"start":{"line":3,"column":21},"end":{"line":17,"column":5}},"line":3}},"branchMap":{},"s":{"0":0,"1":0,"2":0},"f":{"0":0},"b":{},"hash":"17e274530e27772e887959ad03c88d61ff746d81"}
,"C:\\Users\\Inspirion\\Documents\\_Dev\\reactprojects\\fullstackopen-notes\\src\\components\\LoginForm.js": {"path":"C:\\Users\\Inspirion\\Documents\\_Dev\\reactprojects\\fullstackopen-notes\\src\\components\\LoginForm.js","statementMap":{"0":{"start":{"line":4,"column":18},"end":{"line":35,"column":1}},"1":{"start":{"line":11,"column":2},"end":{"line":34,"column":3}},"2":{"start":{"line":37,"column":0},"end":{"line":43,"column":1}}},"fnMap":{"0":{"name":"(anonymous_0)","decl":{"start":{"line":4,"column":18},"end":{"line":4,"column":19}},"loc":{"start":{"line":10,"column":8},"end":{"line":35,"column":1}},"line":10}},"branchMap":{},"s":{"0":0,"1":0,"2":0},"f":{"0":0},"b":{},"hash":"6533932783f1aca7f10d27ca7a06af52a37e696f"}
,"C:\\Users\\Inspirion\\Documents\\_Dev\\reactprojects\\fullstackopen-notes\\src\\components\\Note.js": {"path":"C:\\Users\\Inspirion\\Documents\\_Dev\\reactprojects\\fullstackopen-notes\\src\\components\\Note.js","statementMap":{"0":{"start":{"line":3,"column":13},"end":{"line":15,"column":1}},"1":{"start":{"line":5,"column":16},"end":{"line":7,"column":22}},"2":{"start":{"line":9,"column":2},"end":{"line":14,"column":3}}},"fnMap":{"0":{"name":"(anonymous_0)","decl":{"start":{"line":3,"column":13},"end":{"line":3,"column":14}},"loc":{"start":{"line":3,"column":45},"end":{"line":15,"column":1}},"line":3}},"branchMap":{"0":{"loc":{"start":{"line":5,"column":16},"end":{"line":7,"column":22}},"type":"cond-expr","locations":[{"start":{"line":6,"column":6},"end":{"line":6,"column":26}},{"start":{"line":7,"column":6},"end":{"line":7,"column":22}}],"line":5}},"s":{"0":1,"1":4,"2":4},"f":{"0":4},"b":{"0":[4,0]},"_coverageSchema":"43e27e138ebf9cfc5966b082cf9a028302ed4184","hash":"51ebaf61ce48dbb99ad6c196d979c0641c127689"}
,"C:\\Users\\Inspirion\\Documents\\_Dev\\reactprojects\\fullstackopen-notes\\src\\components\\NoteForm.js": {"path":"C:\\Users\\Inspirion\\Documents\\_Dev\\reactprojects\\fullstackopen-notes\\src\\components\\NoteForm.js","statementMap":{"0":{"start":{"line":3,"column":17},"end":{"line":33,"column":1}},"1":{"start":{"line":4,"column":32},"end":{"line":4,"column":44}},"2":{"start":{"line":6,"column":23},"end":{"line":8,"column":3}},"3":{"start":{"line":7,"column":4},"end":{"line":7,"column":34}},"4":{"start":{"line":10,"column":18},"end":{"line":18,"column":3}},"5":{"start":{"line":11,"column":4},"end":{"line":11,"column":26}},"6":{"start":{"line":12,"column":4},"end":{"line":15,"column":6}},"7":{"start":{"line":17,"column":4},"end":{"line":17,"column":18}},"8":{"start":{"line":20,"column":2},"end":{"line":32,"column":3}}},"fnMap":{"0":{"name":"(anonymous_0)","decl":{"start":{"line":3,"column":17},"end":{"line":3,"column":18}},"loc":{"start":{"line":3,"column":37},"end":{"line":33,"column":1}},"line":3},"1":{"name":"(anonymous_1)","decl":{"start":{"line":6,"column":23},"end":{"line":6,"column":24}},"loc":{"start":{"line":6,"column":34},"end":{"line":8,"column":3}},"line":6},"2":{"name":"(anonymous_2)","decl":{"start":{"line":10,"column":18},"end":{"line":10,"column":19}},"loc":{"start":{"line":10,"column":29},"end":{"line":18,"column":3}},"line":10}},"branchMap":{},"s":{"0":1,"1":2,"2":2,"3":0,"4":2,"5":0,"6":0,"7":0,"8":2},"f":{"0":2,"1":0,"2":0},"b":{},"_coverageSchema":"43e27e138ebf9cfc5966b082cf9a028302ed4184","hash":"fe0abbd23561f6488c8d827aedb6b6e8f7e6ab55"}
,"C:\\Users\\Inspirion\\Documents\\_Dev\\reactprojects\\fullstackopen-notes\\src\\components\\Notification.js": {"path":"C:\\Users\\Inspirion\\Documents\\_Dev\\reactprojects\\fullstackopen-notes\\src\\components\\Notification.js","statementMap":{"0":{"start":{"line":3,"column":21},"end":{"line":20,"column":3}},"1":{"start":{"line":4,"column":4},"end":{"line":19,"column":5}},"2":{"start":{"line":5,"column":8},"end":{"line":9,"column":9}},"3":{"start":{"line":11,"column":9},"end":{"line":19,"column":5}},"4":{"start":{"line":12,"column":8},"end":{"line":16,"column":9}},"5":{"start":{"line":18,"column":8},"end":{"line":18,"column":19}}},"fnMap":{"0":{"name":"(anonymous_0)","decl":{"start":{"line":3,"column":21},"end":{"line":3,"column":22}},"loc":{"start":{"line":3,"column":59},"end":{"line":20,"column":3}},"line":3}},"branchMap":{"0":{"loc":{"start":{"line":4,"column":4},"end":{"line":19,"column":5}},"type":"if","locations":[{"start":{"line":4,"column":4},"end":{"line":19,"column":5}},{"start":{"line":4,"column":4},"end":{"line":19,"column":5}}],"line":4},"1":{"loc":{"start":{"line":11,"column":9},"end":{"line":19,"column":5}},"type":"if","locations":[{"start":{"line":11,"column":9},"end":{"line":19,"column":5}},{"start":{"line":11,"column":9},"end":{"line":19,"column":5}}],"line":11}},"s":{"0":0,"1":0,"2":0,"3":0,"4":0,"5":0},"f":{"0":0},"b":{"0":[0,0],"1":[0,0]},"hash":"9721acda77e816dcd68b7ee2f018ae101152430b"}
,"C:\\Users\\Inspirion\\Documents\\_Dev\\reactprojects\\fullstackopen-notes\\src\\components\\Togglable.js": {"path":"C:\\Users\\Inspirion\\Documents\\_Dev\\reactprojects\\fullstackopen-notes\\src\\components\\Togglable.js","statementMap":{"0":{"start":{"line":7,"column":18},"end":{"line":35,"column":2}},"1":{"start":{"line":8,"column":32},"end":{"line":8,"column":47}},"2":{"start":{"line":10,"column":26},"end":{"line":10,"column":60}},"3":{"start":{"line":11,"column":26},"end":{"line":11,"column":60}},"4":{"start":{"line":13,"column":27},"end":{"line":15,"column":3}},"5":{"start":{"line":14,"column":4},"end":{"line":14,"column":24}},"6":{"start":{"line":18,"column":2},"end":{"line":22,"column":4}},"7":{"start":{"line":19,"column":4},"end":{"line":21,"column":5}},"8":{"start":{"line":24,"column":2},"end":{"line":34,"column":3}},"9":{"start":{"line":38,"column":0},"end":{"line":40,"column":1}}},"fnMap":{"0":{"name":"(anonymous_0)","decl":{"start":{"line":7,"column":35},"end":{"line":7,"column":36}},"loc":{"start":{"line":7,"column":51},"end":{"line":35,"column":1}},"line":7},"1":{"name":"(anonymous_1)","decl":{"start":{"line":13,"column":27},"end":{"line":13,"column":28}},"loc":{"start":{"line":13,"column":33},"end":{"line":15,"column":3}},"line":13},"2":{"name":"(anonymous_2)","decl":{"start":{"line":18,"column":27},"end":{"line":18,"column":28}},"loc":{"start":{"line":18,"column":33},"end":{"line":22,"column":3}},"line":18}},"branchMap":{"0":{"loc":{"start":{"line":10,"column":37},"end":{"line":10,"column":58}},"type":"cond-expr","locations":[{"start":{"line":10,"column":47},"end":{"line":10,"column":53}},{"start":{"line":10,"column":56},"end":{"line":10,"column":58}}],"line":10},"1":{"loc":{"start":{"line":11,"column":37},"end":{"line":11,"column":58}},"type":"cond-expr","locations":[{"start":{"line":11,"column":47},"end":{"line":11,"column":49}},{"start":{"line":11,"column":52},"end":{"line":11,"column":58}}],"line":11}},"s":{"0":1,"1":5,"2":5,"3":5,"4":5,"5":0,"6":5,"7":0,"8":5,"9":1},"f":{"0":5,"1":0,"2":0},"b":{"0":[0,5],"1":[0,5]},"_coverageSchema":"43e27e138ebf9cfc5966b082cf9a028302ed4184","hash":"34c732e5d7776017f618b01f569766ef32fcd545"}
,"C:\\Users\\Inspirion\\Documents\\_Dev\\reactprojects\\fullstackopen-notes\\src\\services\\login.js": {"path":"C:\\Users\\Inspirion\\Documents\\_Dev\\reactprojects\\fullstackopen-notes\\src\\services\\login.js","statementMap":{"0":{"start":{"line":2,"column":16},"end":{"line":2,"column":28}},"1":{"start":{"line":4,"column":14},"end":{"line":7,"column":1}},"2":{"start":{"line":5,"column":19},"end":{"line":5,"column":57}},"3":{"start":{"line":6,"column":2},"end":{"line":6,"column":22}}},"fnMap":{"0":{"name":"(anonymous_0)","decl":{"start":{"line":4,"column":14},"end":{"line":4,"column":15}},"loc":{"start":{"line":4,"column":35},"end":{"line":7,"column":1}},"line":4}},"branchMap":{},"s":{"0":0,"1":0,"2":0,"3":0},"f":{"0":0},"b":{},"hash":"8e800176428aab7b513d30a4c5e375d57a5424f6"}
,"C:\\Users\\Inspirion\\Documents\\_Dev\\reactprojects\\fullstackopen-notes\\src\\services\\notes.js": {"path":"C:\\Users\\Inspirion\\Documents\\_Dev\\reactprojects\\fullstackopen-notes\\src\\services\\notes.js","statementMap":{"0":{"start":{"line":2,"column":16},"end":{"line":2,"column":28}},"1":{"start":{"line":4,"column":12},"end":{"line":4,"column":16}},"2":{"start":{"line":6,"column":17},"end":{"line":8,"column":1}},"3":{"start":{"line":7,"column":2},"end":{"line":7,"column":30}},"4":{"start":{"line":10,"column":15},"end":{"line":13,"column":1}},"5":{"start":{"line":11,"column":18},"end":{"line":11,"column":36}},"6":{"start":{"line":12,"column":2},"end":{"line":12,"column":48}},"7":{"start":{"line":12,"column":34},"end":{"line":12,"column":47}},"8":{"start":{"line":16,"column":15},"end":{"line":23,"column":1}},"9":{"start":{"line":17,"column":17},"end":{"line":19,"column":3}},"10":{"start":{"line":21,"column":19},"end":{"line":21,"column":63}},"11":{"start":{"line":22,"column":2},"end":{"line":22,"column":22}},"12":{"start":{"line":25,"column":15},"end":{"line":28,"column":1}},"13":{"start":{"line":26,"column":18},"end":{"line":26,"column":58}},"14":{"start":{"line":27,"column":2},"end":{"line":27,"column":48}},"15":{"start":{"line":27,"column":34},"end":{"line":27,"column":47}}},"fnMap":{"0":{"name":"(anonymous_0)","decl":{"start":{"line":6,"column":17},"end":{"line":6,"column":18}},"loc":{"start":{"line":6,"column":29},"end":{"line":8,"column":1}},"line":6},"1":{"name":"(anonymous_1)","decl":{"start":{"line":10,"column":15},"end":{"line":10,"column":16}},"loc":{"start":{"line":10,"column":21},"end":{"line":13,"column":1}},"line":10},"2":{"name":"(anonymous_2)","decl":{"start":{"line":12,"column":22},"end":{"line":12,"column":23}},"loc":{"start":{"line":12,"column":34},"end":{"line":12,"column":47}},"line":12},"3":{"name":"(anonymous_3)","decl":{"start":{"line":16,"column":15},"end":{"line":16,"column":16}},"loc":{"start":{"line":16,"column":34},"end":{"line":23,"column":1}},"line":16},"4":{"name":"(anonymous_4)","decl":{"start":{"line":25,"column":15},"end":{"line":25,"column":16}},"loc":{"start":{"line":25,"column":34},"end":{"line":28,"column":1}},"line":25},"5":{"name":"(anonymous_5)","decl":{"start":{"line":27,"column":22},"end":{"line":27,"column":23}},"loc":{"start":{"line":27,"column":34},"end":{"line":27,"column":47}},"line":27}},"branchMap":{},"s":{"0":0,"1":0,"2":0,"3":0,"4":0,"5":0,"6":0,"7":0,"8":0,"9":0,"10":0,"11":0,"12":0,"13":0,"14":0,"15":0},"f":{"0":0,"1":0,"2":0,"3":0,"4":0,"5":0},"b":{},"hash":"55d9a824ca196f745d0b6cbde1b4447ed7ffe1fd"}
}
